<?xml version="1.0" encoding="UTF-8"?>
<!-- Generated by org.testng.reporters.JUnitReportReporter -->
<testsuite skipped="0" hostname="DESKTOP-R5S1N30" name="parallelDemo.DemoTest1" tests="2" failures="0" timestamp="04 May 2019 05:39:05 GMT" time="38.850" errors="0">
  <testcase name="test" time="14.508" classname="parallelDemo.DemoTest1"/>
  <testcase name="test" time="24.342" classname="parallelDemo.DemoTest1"/>
</testsuite> <!-- parallelDemo.DemoTest1 -->
