<?xml version="1.0" encoding="UTF-8"?>
<!-- Generated by org.testng.reporters.JUnitReportReporter -->
<testsuite skipped="0" hostname="DESKTOP-R5S1N30" name="parallelDemo.DemoTest" tests="2" failures="0" timestamp="03 May 2019 12:16:52 GMT" time="44.620" errors="0">
  <testcase name="test" time="18.360" classname="parallelDemo.DemoTest"/>
  <testcase name="test" time="26.260" classname="parallelDemo.DemoTest"/>
</testsuite> <!-- parallelDemo.DemoTest -->
